android/app/proguard-rules.pro
## Flutter wrapper
-keep class io.flutter.app.** { *; }
-keep class io.flutter.plugin.**  { *; }
-keep class io.flutter.util.**  { *; }
-keep class io.flutter.view.**  { *; }
-keep class io.flutter.**  { *; }
-keep class io.flutter.plugins.**  { *; }
-dontwarn io.flutter.embedding.**

#=========================================基础不变的混淆配置=========================================##
#指定代码的压缩级别
-optimizationpasses 5
#包名不混合大小写
-dontusemixedcaseclassnames
#不去忽略非公共的库类
-dontskipnonpubliclibraryclasses
# 指定不去忽略非公共的库的类的成员
-dontskipnonpubliclibraryclassmembers
#优化不优化输入的类文件
-dontoptimize
#预校验
-dontpreverify
#混淆时是否记录日志
-verbose
# 混淆时所采用的算法
-optimizations !code/simplification/arithmetic,!field/*,!class/merging/*
#保护注解
-keepattributes *Annotation*

##记录生成的日志数据,gradle build时在本项目根目录输出##
#未混淆的类和成员
-printseeds seeds.txt
#列出从 apk 中删除的代码
-printusage unused.txt
#混淆前后的映射
-printmapping mapping.txt
# 并保留源文件名为"Proguard"字符串，而非原始的类名 并保留行号
-keepattributes SourceFile,LineNumberTable
########记录生成的日志数据，gradle build时 在本项目根目录输出-end#####

#需要保留的东西
# 保持哪些类不被混淆
-keep public class * extends android.app.Fragment
-keep public class * extends android.app.Activity
-keep public class * extends android.app.Application
-keep public class * extends android.app.Service
-keep public class * extends android.content.BroadcastReceiver
-keep public class * extends android.content.ContentProvider
-keep public class * extends android.app.backup.BackupAgentHelper
-keep public class * extends android.preference.Preference
-keep public class * extends android.support.v4.**
-keep public class com.android.vending.licensing.ILicensingService

#如果有引用v4包可以添加下面这行
-keep public class * extends android.support.v4.app.Fragment

##########JS接口类不混淆，否则执行不了
-dontwarn com.android.JsInterface.**
-keep class com.android.JsInterface.** {*; }

#极光推送和百度lbs android sdk一起使用proguard 混淆的问题#http的类被混淆后，导致apk定位失败，保持apache 的http类不被混淆就好了
-dontwarn org.apache.**
-keep class org.apache.**{ *; }

-keep public class * extends android.view.View {
  public <init>(android.content.Context);
  public <init>(android.content.Context, android.util.AttributeSet);
  public <init>(android.content.Context, android.util.AttributeSet, int);
  public void set*(...);
 }

#保持 native 方法不被混淆
-keepclasseswithmembernames class * {
  native <methods>;
}

#保持自定义控件类不被混淆
-keepclasseswithmembers class * {
  public <init>(android.content.Context, android.util.AttributeSet);
}

#保持自定义控件类不被混淆
-keepclassmembers class * extends android.app.Activity {
  public void *(android.view.View);
}

#保持 Parcelable 不被混淆
-keep class * implements android.os.Parcelable {
  public static final android.os.Parcelable$Creator *;
}

#保持 Serializable 不被混淆
-keepnames class * implements java.io.Serializable

#保持 Serializable 不被混淆并且enum 类也不被混淆
-keepclassmembers class * implements java.io.Serializable {
    static final long serialVersionUID;
    private static final java.io.ObjectStreamField[] serialPersistentFields;
    !static !transient <fields>;
    !private <fields>;
    !private <methods>;
    private void writeObject(java.io.ObjectOutputStream);
    private void readObject(java.io.ObjectInputStream);
    java.lang.Object writeReplace();
    java.lang.Object readResolve();
}

#保持枚举 enum 类不被混淆 如果混淆报错，建议直接使用上面的 -keepclassmembers class * implements java.io.Serializable即可
-keepclassmembers enum * {
      public static **[] values();
      public static ** valueOf(java.lang.String);
}

-keepclassmembers class * {
      public void *ButtonClicked(android.view.View);
}

#不混淆资源类
-keep class **.R$* {*;}

#如果引用了v4或者v7包
-dontwarn android.support.**

# AndroidX 防止混淆
-dontwarn com.google.android.material.**
-dontnote com.google.android.material.**
-dontwarn androidx.**
-keep class com.google.android.material.** {*;}
-keep class androidx.** {*;}
-keep public class * extends androidx.**
-keep interface androidx.** {*;}
-keepclassmembers class * {
    @androidx.annotation.Keep *;
}


#######===================================混淆保护自己项目的部分代码以及引用的第三方jar包library=============================#######

# XUpdate需要配置的内容
#gson
-keepattributes Signature
# Gson specific classes
-keep class sun.misc.Unsafe { *; }
-keep class com.google.gson.** { *; }
# Application classes that will be serialized/deserialized over Gson
-keep class com.google.gson.examples.android.model.** { *; }
# xupdate
-keep class com.xuexiang.xupdate.entity.** { *; }