android/app/seeds.txt
com.just.guohe.R$styleable: int MenuItem_actionProviderClass
com.just.guohe.R$layout: int select_dialog_multichoice_material
com.just.guohe.R$style: int Widget_AppCompat_RatingBar_Indicator
com.just.guohe.R$style: int Base_TextAppearance_AppCompat_Button
com.just.guohe.R$styleable: int SwitchCompat_trackTintMode
com.just.guohe.R$drawable: int notification_bg_low_pressed
com.just.guohe.R$styleable: int SearchView_queryBackground
com.just.guohe.R$dimen: int abc_seekbar_track_progress_height_material
com.just.guohe.R$style: int Widget_AppCompat_ActionButton_CloseMode
com.just.guohe.R$string: int abc_searchview_description_submit
com.just.guohe.R$styleable: int XUpdate_ProgressBar_progress_reached_bar_height
com.just.guohe.R$styleable: int ActionBar_icon
com.just.guohe.R$style: int Base_DialogWindowTitle_AppCompat
com.just.guohe.R$dimen: int compat_button_inset_vertical_material
com.just.guohe.R$id: int tag_unhandled_key_event_manager
com.just.guohe.R$id: int shortcut
com.just.guohe.R$dimen: int abc_action_bar_subtitle_top_margin_material
com.just.guohe.R$color: int error_color_material_dark
com.just.guohe.R$styleable: int ActionBar_logo
com.just.guohe.R$styleable: int MenuItem_showAsAction
com.just.guohe.R$style: int Base_Widget_AppCompat_TextView_SpinnerItem
com.just.guohe.R$dimen: int abc_action_button_min_height_material
com.just.guohe.R$styleable: int MenuView_android_horizontalDivider
com.just.guohe.R$style: int Theme_AppCompat_Light_Dialog_MinWidth
com.just.guohe.R$styleable: int View_paddingStart
com.just.guohe.R$styleable: int ButtonBarLayout_allowStacking
com.just.guohe.R$color: int abc_search_url_text_pressed
com.just.guohe.R$style: int Widget_AppCompat_Light_ActionBar_TabView_Inverse
com.just.guohe.R$styleable: int AppCompatTheme_imageButtonStyle
com.just.guohe.R$style: int Platform_V21_AppCompat_Light
com.just.guohe.R$attr: int actionModeSelectAllDrawable
com.just.guohe.R$style: int Base_V7_Widget_AppCompat_AutoCompleteTextView
com.just.guohe.R$drawable: int abc_textfield_search_default_mtrl_alpha
com.just.guohe.R$style: int Widget_AppCompat_CompoundButton_RadioButton
com.just.guohe.R$attr: int alpha
com.just.guohe.R$style: int Base_Theme_AppCompat_Light_DarkActionBar
com.just.guohe.R$style: int Widget_AppCompat_ActionButton
com.just.guohe.R$drawable: int notification_tile_bg
com.just.guohe.R$styleable: int AppCompatTheme_actionBarItemBackground
com.just.guohe.R$style: int TextAppearance_Compat_Notification_Info
com.just.guohe.R$styleable: int[] LinearLayoutCompat
com.just.guohe.R$style: int Widget_AppCompat_ActionBar_TabView
com.just.guohe.R$attr: int fontStyle
com.just.guohe.R$style: int Base_Widget_AppCompat_CompoundButton_CheckBox
com.just.guohe.R$styleable: int XUpdate_ProgressBar_progress_max
com.just.guohe.R$anim: int xupdate_app_window_in
com.just.guohe.R$styleable: int Toolbar_titleMarginTop
com.just.guohe.R$color: int abc_tint_seek_thumb
com.just.guohe.R$dimen: int notification_small_icon_size_as_large
com.just.guohe.R$attr: int actionBarItemBackground
com.just.guohe.R$styleable: int FontFamilyFont_android_font
com.just.guohe.R$id: int accessibility_custom_action_30
com.just.guohe.R$id: int accessibility_custom_action_31
com.just.guohe.R$drawable: int btn_checkbox_checked_mtrl
com.just.guohe.R$attr: int colorError
com.just.guohe.R$styleable: int DrawerArrowToggle_arrowShaftLength
com.just.guohe.R$attr: int switchMinWidth
com.just.guohe.R$dimen: int highlight_alpha_material_dark
com.just.guohe.R$styleable: int[] LinearLayoutCompat_Layout
com.just.guohe.R$color: int highlighted_text_material_light
com.just.guohe.R$style: int Base_TextAppearance_AppCompat_Display1
com.just.guohe.R$color: int primary_text_default_material_light
com.just.guohe.R$attr: int listPreferredItemHeightSmall
com.just.guohe.R$id: int accessibility_custom_action_1
com.just.guohe.R$string: int xupdate_error_install_failed
com.just.guohe.R$attr: int imageButtonStyle
com.just.guohe.R$styleable: int Toolbar_contentInsetEndWithActions
...
com.flutter_webview_plugin.R$styleable: int AppCompatTheme_tooltipFrameBackground
kotlin.text.Regex$Serialized
io.flutter.embedding.engine.renderer.FlutterRenderer: io.flutter.embedding.engine.FlutterJNI flutterJNI
io.flutter.embedding.android.AndroidTouchProcessor: boolean onTouchEvent(android.view.MotionEvent)
com.jarvan.fluwx.R$styleable: int FontFamilyFont_fontWeight
com.jarvan.fluwx.R$style: int TextAppearance_AppCompat_Widget_ActionBar_Subtitle
com.umeng.commonsdk.statistics.proto.b: int c
androidx.fragment.app.FragmentManagerImpl$OpGenerator
androidx.appcompat.app.ToolbarActionBar: void removeAllTabs()
androidx.core.app.NotificationCompat$MessagingStyle$Message: android.os.Bundle[] getBundleArrayForMessages(java.util.List)
androidx.appcompat.view.menu.ActionMenuItemView: androidx.appcompat.view.menu.MenuItemImpl getItemData()
com.umeng.commonsdk.stateless.b: java.nio.ByteBuffer g
io.flutter.embedding.engine.FlutterEngine: io.flutter.embedding.engine.plugins.PluginRegistry getPlugins()
io.flutter.embedding.android.FlutterSurfaceView: FlutterSurfaceView(android.content.Context,boolean)
plugin.storage.qiniu.flutter.isanye.cn.syflutterqiniustorage.R$style
androidx.activity.R$style: int TextAppearance_Compat_Notification_Time
com.google.gson.internal.bind.TreeTypeAdapter$SingleTypeFactory: java.lang.Class hierarchyType
com.example.path_provider.R$layout: R$layout()
com.xuexiang.flutter_xupdate.R$integer: int abc_config_activityShortDur
com.flutter_webview_plugin.R$dimen: int abc_action_bar_overflow_padding_start_material
com.tencent.mm.opensdk.modelbiz.WXOpenBusinessView
io.flutter.embedding.engine.loader.FlutterLoader$1: java.lang.Runnable val$callback
androidx.drawerlayout.widget.DrawerLayout$LayoutParams: boolean isPeeking
io.flutter.plugins.shared_preferences_macos.R$drawable: int notification_bg_low_pressed
androidx.appcompat.app.AlertController: int mListLayout
androidx.core.app.NotificationCompat$Builder: androidx.core.app.NotificationCompat$Builder setVisibility(int)
androidx.customview.R$id: int time
com.flutter_webview_plugin.R$dimen: int notification_action_icon_size
androidx.appcompat.widget.ActionMenuView: androidx.appcompat.view.menu.MenuBuilder mMenu
androidx.core.view.accessibility.AccessibilityNodeInfoCompat: androidx.core.view.accessibility.AccessibilityNodeInfoCompat getTraversalAfter()
androidx.core.util.ObjectsCompat: ObjectsCompat()
androidx.core.widget.NestedScrollView: boolean mFillViewport
tech.jitao.umeng_analytics_plugin.R$id: int accessibility_custom_action_2
androidx.arch.core.internal.SafeIterableMap: androidx.arch.core.internal.SafeIterableMap$Entry mEnd
com.flutter_webview_plugin.R$color: int bright_foreground_inverse_material_light
com.flutter_webview_plugin.R$id: int checked
com.flutter_webview_plugin.R$id: int progress_circular
androidx.drawerlayout.widget.DrawerLayout$DrawerListener: void onDrawerClosed(android.view.View)
androidx.activity.OnBackPressedCallback: java.util.concurrent.CopyOnWriteArrayList mCancellables
com.jarvan.fluwx.R$styleable: int PopupWindow_android_popupAnimationStyle
io.flutter.embedding.engine.loader.FlutterLoader: java.lang.String PUBLIC_AOT_SHARED_LIBRARY_NAME
kotlin.InitializedLazyImpl: java.lang.Object value
androidx.appcompat.widget.ActionMenuPresenter$OverflowMenuButton: boolean needsDividerAfter()
androidx.appcompat.R$attr: int actionModePasteDrawable
androidx.fragment.app.FragmentTransaction: int mTransitionStyle
com.flutter_webview_plugin.R$anim: int btn_checkbox_to_unchecked_icon_null_animation
androidx.vectordrawable.graphics.drawable.Animatable2Compat$AnimationCallback
com.tencent.mm.opensdk.modelmsg.WXTextObject: java.lang.String TAG
androidx.appcompat.widget.AppCompatImageButton: androidx.appcompat.widget.AppCompatImageHelper mImageHelper
androidx.vectordrawable.R$dimen: int compat_button_inset_horizontal_material
androidx.viewpager.widget.ViewPager: boolean pageScrolled(int)
io.flutter.plugins.imagepicker.R$layout: int custom_dialog