android/app/mapping.txt
# compiler: R8
# compiler_version: 1.6.82
# min_api: 16
# pg_map_id: 1981543
# common_typos_disable
com.just.guohe.MainActivity -> com.just.guohe.MainActivity:
    1:1:void <init>():8:8 -> <init>
    1:1:void configureFlutterEngine(io.flutter.embedding.engine.FlutterEngine):10:10 -> configureFlutterEngine
...
okhttp3.internal.connection.Exchange$RequestBodySink -> okhttp3.internal.connection.c$b:
    long contentLength -> e
    okhttp3.internal.connection.Exchange this$0 -> f
    long bytesReceived -> c
    boolean completed -> b
    boolean closed -> d
    1:1:void <init>(okhttp3.internal.connection.Exchange,okio.Sink,long):205:205 -> <init>
    2:2:void <init>(okhttp3.internal.connection.Exchange,okio.Sink,long):209:209 -> <init>
    1:4:void write(okio.Buffer,long):216:219 -> a
    5:5:void write(okio.Buffer,long):218:218 -> a
    6:7:void write(okio.Buffer,long):222:223 -> a
    8:8:void write(okio.Buffer,long):225:225 -> a
    9:9:void write(okio.Buffer,long):216:216 -> a
    10:12:java.io.IOException complete(java.io.IOException):254:256 -> a
    1:4:void close():240:243 -> close
    5:6:void close():246:247 -> close
    7:7:void close():249:249 -> close
    1:1:void flush():232:232 -> flush
    2:2:void flush():234:234 -> flush
okhttp3.internal.connection.Exchange$ResponseBodySource -> okhttp3.internal.connection.c$c:
    long contentLength -> e
    okhttp3.internal.connection.Exchange this$0 -> f
    long bytesReceived -> b
    boolean completed -> c
    boolean closed -> d
    1:1:void <init>(okhttp3.internal.connection.Exchange,okio.Source,long):261:261 -> <init>
    2:2:void <init>(okhttp3.internal.connection.Exchange,okio.Source,long):264:264 -> <init>
    3:3:void <init>(okhttp3.internal.connection.Exchange,okio.Source,long):271:271 -> <init>
    1:3:java.io.IOException complete(java.io.IOException):314:316 -> a
    1:1:long read(okio.Buffer,long):277:277 -> b
    2:2:long read(okio.Buffer,long):279:279 -> b
    3:3:long read(okio.Buffer,long):281:281 -> b
    4:6:long read(okio.Buffer,long):285:287 -> b
    7:9:long read(okio.Buffer,long):290:292 -> b
    10:10:long read(okio.Buffer,long):297:297 -> b
    11:11:long read(okio.Buffer,long):277:277 -> b
    1:2:void close():303:304 -> close
    3:4:void close():306:307 -> close
    5:5:void close():309:309 -> close
okhttp3.internal.connection.ExchangeFinder -> okhttp3.internal.connection.d:
    okhttp3.internal.connection.RealConnection connectingConnection -> c
    okhttp3.internal.connection.RouteSelector routeSelector -> b
    okhttp3.Call call -> i
    okhttp3.Address address -> h
    okhttp3.internal.connection.RouteSelector$Selection routeSelection -> a
    okhttp3.internal.connection.Transmitter transmitter -> f
    okhttp3.internal.connection.RealConnectionPool connectionPool -> g
    okhttp3.EventListener eventListener -> j
    boolean hasStreamFailure -> d
    okhttp3.Route nextRouteToTry -> e
    1:1:void <init>(okhttp3.internal.connection.Transmitter,okhttp3.internal.connection.RealConnectionPool,okhttp3.Address,okhttp3.Call,okhttp3.EventListener):49:49 -> <init>
    2:3:void <init>(okhttp3.internal.connection.Transmitter,okhttp3.internal.connection.RealConnectionPool,okhttp3.Address,okhttp3.Call,okhttp3.EventListener):59:60 -> <init>
    4:4:void <init>(okhttp3.internal.connection.Transmitter,okhttp3.internal.connection.RealConnectionPool,okhttp3.Address,okhttp3.Call,okhttp3.EventListener):59:59 -> <init>
    1:5:okhttp3.internal.http.ExchangeCodec find(okhttp3.OkHttpClient,okhttp3.Interceptor$Chain,boolean):70:74 -> a
    6:6:okhttp3.internal.http.ExchangeCodec find(okhttp3.OkHttpClient,okhttp3.Interceptor$Chain,boolean):77:77 -> a
    7:7:okhttp3.internal.http.ExchangeCodec find(okhttp3.OkHttpClient,okhttp3.Interceptor$Chain,boolean):85:85 -> a