android/app/unused.txt
com.just.guohe.R
com.just.guohe.BuildConfig
...
com.qiniu.android.utils.FastDatePrinter$NumberRule
kotlinx.coroutines.flow.FlowKt__TransformKt$unsafeTransform$$inlined$unsafeFlow$1$lambda$1
kotlin.jvm.internal.BooleanCompanionObject
kotlinx.coroutines.flow.FlowKt__TransformKt$filterIsInstance$$inlined$filter$1$2$1
kotlinx.coroutines.channels.ProduceKt$awaitClose$4$1
kotlinx.coroutines.channels.BroadcastChannel$DefaultImpls
okhttp3.MultipartBody$Part:
    public static final okhttp3.MultipartBody$Part create(okhttp3.RequestBody)
    public static final okhttp3.MultipartBody$Part create(okhttp3.Headers,okhttp3.RequestBody)
    public static final okhttp3.MultipartBody$Part createFormData(java.lang.String,java.lang.String)
    public static final okhttp3.MultipartBody$Part createFormData(java.lang.String,java.lang.String,okhttp3.RequestBody)
    public final okhttp3.Headers -deprecated_headers()
    public final okhttp3.RequestBody -deprecated_body()
kotlin.sequences.SequencesKt__SequencesKt$generateSequence$2
com.umeng.analytics.filter.c:
    public boolean onPreProcessImprintKey(java.lang.String,java.lang.String)
    public void onImprintValueChanged(java.lang.String,java.lang.String)
com.umeng.commonsdk.proguard.al:
    public void <init>()
okio.SegmentedByteString:
    private final void forEachSegment(kotlin.jvm.functions.Function3)
    private final void forEachSegment(int,int,kotlin.jvm.functions.Function3)
kotlinx.coroutines.flow.internal.ChannelFlow$collect$2
kotlin.reflect.KType:
    public abstract kotlin.reflect.KClassifier getClassifier()
    public abstract java.util.List getArguments()
    public abstract boolean isMarkedNullable()
kotlin.UIntArrayKt
kotlinx.coroutines.flow.FlowKt__ErrorsKt$onErrorCollect$2
kotlinx.coroutines.flow.FlowKt__LimitKt$takeWhile$$inlined$unsafeFlow$1
com.qiniu.android.storage.persistent.FileRecorder
top.zibin.luban.Luban$Builder$1
kotlinx.coroutines.channels.Send
kotlin.coroutines.experimental.migration.ExperimentalContextMigration
kotlin.native.concurrent.SharedImmutable
com.umeng.commonsdk.internal.utils.d$a
com.umeng.commonsdk.statistics.common.d
kotlin.io.FileTreeWalk$WalkState
com.umeng.commonsdk.internal.UMOplus
kotlin.coroutines.experimental.migration.ExperimentalContextMigration$Key
kotlin.jvm.internal.Intrinsics:
    public static void checkNotNull(java.lang.Object)
    public static void checkNotNull(java.lang.Object,java.lang.String)
    public static void throwNpe(java.lang.String)
    public static void throwJavaNpe()
    public static void throwJavaNpe(java.lang.String)
    public static void throwAssert()
    public static void throwAssert(java.lang.String)
    public static void throwIllegalArgument()
    public static void throwIllegalArgument(java.lang.String)
    public static void throwIllegalState()
    public static void throwIllegalState(java.lang.String)
    public static void checkNotNullExpressionValue(java.lang.Object,java.lang.String)
    public static void checkReturnedValueIsNotNull(java.lang.Object,java.lang.String,java.lang.String)
    public static void checkReturnedValueIsNotNull(java.lang.Object,java.lang.String)
    public static void checkFieldIsNotNull(java.lang.Object,java.lang.String,java.lang.String)
    public static void checkFieldIsNotNull(java.lang.Object,java.lang.String)
    public static void checkNotNullParameter(java.lang.Object,java.lang.String)
    public static int compare(long,long)
    public static int compare(int,int)
    public static boolean areEqual(java.lang.Double,java.lang.Double)
    public static boolean areEqual(java.lang.Double,double)
    public static boolean areEqual(double,java.lang.Double)
    public static boolean areEqual(java.lang.Float,java.lang.Float)
com.umeng.commonsdk.statistics.idtracking.p:
    private static final java.lang.String a
kotlin.random.AbstractPlatformRandom:
    public int nextInt(int)
    public long nextLong()
    public boolean nextBoolean()
    public double nextDouble()
    public float nextFloat()
    public byte[] nextBytes(byte[])